2017-11-10 09:57:59,834 - ResourceManager : found operation/op-signature.vm with loader middlegen.KindFileResourceLoader
2017-11-10 09:57:59,835 - ResourceManager : found operation/opbody-select.vm with loader middlegen.KindFileResourceLoader
2017-11-10 09:57:59,847 - ResourceManager : found copyright.vm with loader middlegen.KindFileResourceLoader
2017-11-10 09:57:59,848 - ResourceManager : found description-java.vm with loader middlegen.KindFileResourceLoader
2017-11-10 09:57:59,848 - Null reference [template 'middlegen', line 23, column 13] : $Id cannot be resolved.
2017-11-10 09:57:59,849 - ResourceManager : found operation/op-select.vm with loader middlegen.KindFileResourceLoader
2017-11-10 09:57:59,849 - ResourceManager : found operation/op-javadoc.vm with loader middlegen.KindFileResourceLoader
2017-11-10 09:57:59,852 - ResourceManager : found operation/op-signature.vm with loader middlegen.KindFileResourceLoader
2017-11-10 09:57:59,853 - ResourceManager : found operation/opbody-select.vm with loader middlegen.KindFileResourceLoader
2017-11-10 09:57:59,853 - ResourceManager : found operation/op-select.vm with loader middlegen.KindFileResourceLoader
2017-11-10 09:57:59,854 - ResourceManager : found operation/op-javadoc.vm with loader middlegen.KindFileResourceLoader
2017-11-10 09:57:59,855 - ResourceManager : found operation/op-signature.vm with loader middlegen.KindFileResourceLoader
2017-11-10 09:57:59,856 - ResourceManager : found operation/opbody-select.vm with loader middlegen.KindFileResourceLoader
2017-11-10 09:57:59,861 - ResourceManager : found copyright.vm with loader middlegen.KindFileResourceLoader
2017-11-10 09:57:59,862 - ResourceManager : found description-java.vm with loader middlegen.KindFileResourceLoader
2017-11-10 09:57:59,862 - Null reference [template 'middlegen', line 23, column 13] : $Id cannot be resolved.
2017-11-10 09:57:59,863 - ResourceManager : found operation/op-select.vm with loader middlegen.KindFileResourceLoader
2017-11-10 09:57:59,863 - ResourceManager : found operation/op-javadoc.vm with loader middlegen.KindFileResourceLoader
2017-11-10 09:57:59,865 - ResourceManager : found operation/op-signature.vm with loader middlegen.KindFileResourceLoader
2017-11-10 09:57:59,866 - ResourceManager : found operation/opbody-select.vm with loader middlegen.KindFileResourceLoader
2017-11-10 09:57:59,867 - ResourceManager : found operation/op-select.vm with loader middlegen.KindFileResourceLoader
2017-11-10 09:57:59,867 - ResourceManager : found operation/op-javadoc.vm with loader middlegen.KindFileResourceLoader
2017-11-10 09:57:59,868 - ResourceManager : found operation/op-signature.vm with loader middlegen.KindFileResourceLoader
2017-11-10 09:57:59,871 - ResourceManager : found operation/opbody-select.vm with loader middlegen.KindFileResourceLoader
2017-11-10 09:57:59,872 - ResourceManager : found operation/op-select.vm with loader middlegen.KindFileResourceLoader
2017-11-10 09:57:59,872 - ResourceManager : found operation/op-javadoc.vm with loader middlegen.KindFileResourceLoader
2017-11-10 09:57:59,873 - ResourceManager : found operation/op-signature.vm with loader middlegen.KindFileResourceLoader
2017-11-10 09:57:59,874 - ResourceManager : found operation/opbody-select.vm with loader middlegen.KindFileResourceLoader
2017-11-10 09:57:59,875 - ResourceManager : found operation/op-select.vm with loader middlegen.KindFileResourceLoader
2017-11-10 09:57:59,875 - ResourceManager : found operation/op-javadoc.vm with loader middlegen.KindFileResourceLoader
2017-11-10 09:57:59,877 - ResourceManager : found operation/op-signature.vm with loader middlegen.KindFileResourceLoader
2017-11-10 09:57:59,878 - ResourceManager : found operation/opbody-select.vm with loader middlegen.KindFileResourceLoader
2017-11-10 09:57:59,879 - ResourceManager : found operation/op-update.vm with loader middlegen.KindFileResourceLoader
2017-11-10 09:57:59,880 - ResourceManager : found operation/op-javadoc.vm with loader middlegen.KindFileResourceLoader
2017-11-10 09:57:59,880 - ResourceManager : found operation/op-signature.vm with loader middlegen.KindFileResourceLoader
2017-11-10 09:57:59,881 - ResourceManager : found operation/opbody-update.vm with loader middlegen.KindFileResourceLoader
2017-11-10 09:57:59,882 - ResourceManager : found operation/op-update.vm with loader middlegen.KindFileResourceLoader
2017-11-10 09:57:59,883 - ResourceManager : found operation/op-javadoc.vm with loader middlegen.KindFileResourceLoader
2017-11-10 09:57:59,884 - ResourceManager : found operation/op-signature.vm with loader middlegen.KindFileResourceLoader
2017-11-10 09:57:59,885 - ResourceManager : found operation/opbody-update.vm with loader middlegen.KindFileResourceLoader
2017-11-10 09:57:59,886 - ResourceManager : found operation/op-select.vm with loader middlegen.KindFileResourceLoader
2017-11-10 09:57:59,887 - ResourceManager : found operation/op-javadoc.vm with loader middlegen.KindFileResourceLoader
2017-11-10 09:57:59,888 - ResourceManager : found operation/op-signature.vm with loader middlegen.KindFileResourceLoader
2017-11-10 09:57:59,891 - ResourceManager : found operation/opbody-select.vm with loader middlegen.KindFileResourceLoader
2017-11-10 09:57:59,893 - ResourceManager : found operation/op-select.vm with loader middlegen.KindFileResourceLoader
2017-11-10 09:57:59,894 - ResourceManager : found operation/op-javadoc.vm with loader middlegen.KindFileResourceLoader
2017-11-10 09:57:59,895 - ResourceManager : found operation/op-signature.vm with loader middlegen.KindFileResourceLoader
2017-11-10 09:57:59,897 - ResourceManager : found operation/opbody-select.vm with loader middlegen.KindFileResourceLoader
2017-11-10 09:57:59,898 - ResourceManager : found operation/op-insert.vm with loader middlegen.KindFileResourceLoader
2017-11-10 09:57:59,898 - ResourceManager : found operation/op-javadoc.vm with loader middlegen.KindFileResourceLoader
2017-11-10 09:57:59,899 - ResourceManager : found operation/op-signature.vm with loader middlegen.KindFileResourceLoader
2017-11-10 09:57:59,900 - ResourceManager : found operation/opbody-insert.vm with loader middlegen.KindFileResourceLoader
2017-11-10 09:57:59,901 - ResourceManager : found operation/op-select.vm with loader middlegen.KindFileResourceLoader
2017-11-10 09:57:59,901 - ResourceManager : found operation/op-javadoc.vm with loader middlegen.KindFileResourceLoader
2017-11-10 09:57:59,902 - ResourceManager : found operation/op-signature.vm with loader middlegen.KindFileResourceLoader
2017-11-10 09:57:59,903 - ResourceManager : found operation/opbody-select.vm with loader middlegen.KindFileResourceLoader
2017-11-10 09:57:59,904 - ResourceManager : found operation/op-insert.vm with loader middlegen.KindFileResourceLoader
2017-11-10 09:57:59,905 - ResourceManager : found operation/op-javadoc.vm with loader middlegen.KindFileResourceLoader
2017-11-10 09:57:59,905 - ResourceManager : found operation/op-signature.vm with loader middlegen.KindFileResourceLoader
2017-11-10 09:57:59,906 - ResourceManager : found operation/opbody-insert.vm with loader middlegen.KindFileResourceLoader
2017-11-10 09:57:59,907 - ResourceManager : found operation/op-select.vm with loader middlegen.KindFileResourceLoader
2017-11-10 09:57:59,908 - ResourceManager : found operation/op-javadoc.vm with loader middlegen.KindFileResourceLoader
2017-11-10 09:57:59,909 - ResourceManager : found operation/op-signature.vm with loader middlegen.KindFileResourceLoader
2017-11-10 09:57:59,910 - ResourceManager : found operation/opbody-select.vm with loader middlegen.KindFileResourceLoader
2017-11-10 09:57:59,911 - ResourceManager : found operation/op-select.vm with loader middlegen.KindFileResourceLoader
2017-11-10 09:57:59,912 - ResourceManager : found operation/op-javadoc.vm with loader middlegen.KindFileResourceLoader
2017-11-10 09:57:59,912 - ResourceManager : found operation/op-signature.vm with loader middlegen.KindFileResourceLoader
2017-11-10 09:57:59,913 - ResourceManager : found operation/opbody-select.vm with loader middlegen.KindFileResourceLoader
2017-11-10 09:57:59,914 - ResourceManager : found operation/op-select.vm with loader middlegen.KindFileResourceLoader
2017-11-10 09:57:59,915 - ResourceManager : found operation/op-javadoc.vm with loader middlegen.KindFileResourceLoader
2017-11-10 09:57:59,916 - ResourceManager : found operation/op-signature.vm with loader middlegen.KindFileResourceLoader
2017-11-10 09:57:59,917 - ResourceManager : found operation/opbody-select.vm with loader middlegen.KindFileResourceLoader
2017-11-10 09:57:59,923 - ResourceManager : found copyright.vm with loader middlegen.KindFileResourceLoader
2017-11-10 09:57:59,924 - ResourceManager : found description-java.vm with loader middlegen.KindFileResourceLoader
2017-11-10 09:57:59,924 - Null reference [template 'middlegen', line 23, column 13] : $Id cannot be resolved.
2017-11-10 09:57:59,925 - ResourceManager : found operation/op-select.vm with loader middlegen.KindFileResourceLoader
2017-11-10 09:57:59,925 - ResourceManager : found operation/op-javadoc.vm with loader middlegen.KindFileResourceLoader
2017-11-10 09:57:59,926 - ResourceManager : found operation/op-signature.vm with loader middlegen.KindFileResourceLoader
2017-11-10 09:57:59,927 - ResourceManager : found operation/opbody-select.vm with loader middlegen.KindFileResourceLoader
2017-11-10 09:57:59,928 - ResourceManager : found operation/op-select.vm with loader middlegen.KindFileResourceLoader
2017-11-10 09:57:59,929 - ResourceManager : found operation/op-javadoc.vm with loader middlegen.KindFileResourceLoader
2017-11-10 09:57:59,929 - ResourceManager : found operation/op-signature.vm with loader middlegen.KindFileResourceLoader
2017-11-10 09:57:59,930 - ResourceManager : found operation/opbody-select.vm with loader middlegen.KindFileResourceLoader
2017-11-10 09:57:59,931 - ResourceManager : found operation/op-select.vm with loader middlegen.KindFileResourceLoader
2017-11-10 09:57:59,931 - ResourceManager : found operation/op-javadoc.vm with loader middlegen.KindFileResourceLoader
2017-11-10 09:57:59,932 - ResourceManager : found operation/op-signature.vm with loader middlegen.KindFileResourceLoader
2017-11-10 09:57:59,933 - ResourceManager : found operation/opbody-select.vm with loader middlegen.KindFileResourceLoader
2017-11-10 09:57:59,934 - ResourceManager : found operation/op-update.vm with loader middlegen.KindFileResourceLoader
2017-11-10 09:57:59,934 - ResourceManager : found operation/op-javadoc.vm with loader middlegen.KindFileResourceLoader
2017-11-10 09:57:59,935 - ResourceManager : found operation/op-signature.vm with loader middlegen.KindFileResourceLoader
2017-11-10 09:57:59,935 - ResourceManager : found operation/opbody-update.vm with loader middlegen.KindFileResourceLoader
2017-11-10 09:57:59,940 - ResourceManager : found copyright.vm with loader middlegen.KindFileResourceLoader
2017-11-10 09:57:59,941 - ResourceManager : found description-java.vm with loader middlegen.KindFileResourceLoader
2017-11-10 09:57:59,941 - Null reference [template 'middlegen', line 23, column 13] : $Id cannot be resolved.
2017-11-10 09:57:59,941 - ResourceManager : found operation/op-select.vm with loader middlegen.KindFileResourceLoader
2017-11-10 09:57:59,942 - ResourceManager : found operation/op-javadoc.vm with loader middlegen.KindFileResourceLoader
2017-11-10 09:57:59,943 - ResourceManager : found operation/op-signature.vm with loader middlegen.KindFileResourceLoader
2017-11-10 09:57:59,944 - ResourceManager : found operation/opbody-select.vm with loader middlegen.KindFileResourceLoader
2017-11-10 09:57:59,945 - ResourceManager : found operation/op-insert.vm with loader middlegen.KindFileResourceLoader
2017-11-10 09:57:59,945 - ResourceManager : found operation/op-javadoc.vm with loader middlegen.KindFileResourceLoader
2017-11-10 09:57:59,946 - ResourceManager : found operation/op-signature.vm with loader middlegen.KindFileResourceLoader
2017-11-10 09:57:59,947 - ResourceManager : found operation/opbody-insert.vm with loader middlegen.KindFileResourceLoader
2017-11-10 09:57:59,947 - ResourceManager : found operation/op-insert.vm with loader middlegen.KindFileResourceLoader
2017-11-10 09:57:59,948 - ResourceManager : found operation/op-javadoc.vm with loader middlegen.KindFileResourceLoader
2017-11-10 09:57:59,948 - ResourceManager : found operation/op-signature.vm with loader middlegen.KindFileResourceLoader
2017-11-10 09:57:59,949 - ResourceManager : found operation/opbody-insert.vm with loader middlegen.KindFileResourceLoader
2017-11-10 09:57:59,950 - ResourceManager : found operation/op-select.vm with loader middlegen.KindFileResourceLoader
2017-11-10 09:57:59,950 - ResourceManager : found operation/op-javadoc.vm with loader middlegen.KindFileResourceLoader
2017-11-10 09:57:59,951 - ResourceManager : found operation/op-signature.vm with loader middlegen.KindFileResourceLoader
2017-11-10 09:57:59,953 - ResourceManager : found operation/opbody-select.vm with loader middlegen.KindFileResourceLoader
2017-11-10 09:57:59,954 - ResourceManager : found operation/op-select.vm with loader middlegen.KindFileResourceLoader
2017-11-10 09:57:59,955 - ResourceManager : found operation/op-javadoc.vm with loader middlegen.KindFileResourceLoader
2017-11-10 09:57:59,955 - ResourceManager : found operation/op-signature.vm with loader middlegen.KindFileResourceLoader
2017-11-10 09:57:59,956 - ResourceManager : found operation/opbody-select.vm with loader middlegen.KindFileResourceLoader
2017-11-10 09:57:59,967 - ResourceManager : found copyright.vm with loader middlegen.KindFileResourceLoader
2017-11-10 09:57:59,968 - ResourceManager : found description-java.vm with loader middlegen.KindFileResourceLoader
2017-11-10 09:57:59,968 - Null reference [template 'middlegen', line 23, column 13] : $Id cannot be resolved.
2017-11-10 09:57:59,969 - ResourceManager : found operation/op-select.vm with loader middlegen.KindFileResourceLoader
2017-11-10 09:57:59,969 - ResourceManager : found operation/op-javadoc.vm with loader middlegen.KindFileResourceLoader
2017-11-10 09:57:59,971 - ResourceManager : found operation/op-signature.vm with loader middlegen.KindFileResourceLoader
2017-11-10 09:57:59,973 - ResourceManager : found operation/opbody-select.vm with loader middlegen.KindFileResourceLoader
2017-11-10 09:57:59,975 - ResourceManager : found operation/op-select.vm with loader middlegen.KindFileResourceLoader
2017-11-10 09:57:59,977 - ResourceManager : found operation/op-javadoc.vm with loader middlegen.KindFileResourceLoader
2017-11-10 09:57:59,980 - ResourceManager : found operation/op-signature.vm with loader middlegen.KindFileResourceLoader
2017-11-10 09:57:59,983 - ResourceManager : found operation/opbody-select.vm with loader middlegen.KindFileResourceLoader
2017-11-10 09:57:59,985 - ResourceManager : found operation/op-select.vm with loader middlegen.KindFileResourceLoader
2017-11-10 09:57:59,986 - ResourceManager : found operation/op-javadoc.vm with loader middlegen.KindFileResourceLoader
2017-11-10 09:57:59,988 - ResourceManager : found operation/op-signature.vm with loader middlegen.KindFileResourceLoader
2017-11-10 09:57:59,990 - ResourceManager : found operation/opbody-select.vm with loader middlegen.KindFileResourceLoader
2017-11-10 09:57:59,991 - ResourceManager : found operation/op-select.vm with loader middlegen.KindFileResourceLoader
2017-11-10 09:57:59,993 - ResourceManager : found operation/op-javadoc.vm with loader middlegen.KindFileResourceLoader
2017-11-10 09:57:59,995 - ResourceManager : found operation/op-signature.vm with loader middlegen.KindFileResourceLoader
2017-11-10 09:57:59,997 - ResourceManager : found operation/opbody-select.vm with loader middlegen.KindFileResourceLoader
2017-11-10 09:57:59,998 - ResourceManager : found operation/op-select.vm with loader middlegen.KindFileResourceLoader
2017-11-10 09:57:59,999 - ResourceManager : found operation/op-javadoc.vm with loader middlegen.KindFileResourceLoader
2017-11-10 09:58:00,001 - ResourceManager : found operation/op-signature.vm with loader middlegen.KindFileResourceLoader
2017-11-10 09:58:00,003 - ResourceManager : found operation/opbody-select.vm with loader middlegen.KindFileResourceLoader
2017-11-10 09:58:00,005 - ResourceManager : found operation/op-select.vm with loader middlegen.KindFileResourceLoader
2017-11-10 09:58:00,006 - ResourceManager : found operation/op-javadoc.vm with loader middlegen.KindFileResourceLoader
2017-11-10 09:58:00,008 - ResourceManager : found operation/op-signature.vm with loader middlegen.KindFileResourceLoader
2017-11-10 09:58:00,010 - ResourceManager : found operation/opbody-select.vm with loader middlegen.KindFileResourceLoader
2017-11-10 09:58:00,012 - ResourceManager : found operation/op-select.vm with loader middlegen.KindFileResourceLoader
2017-11-10 09:58:00,013 - ResourceManager : found operation/op-javadoc.vm with loader middlegen.KindFileResourceLoader
2017-11-10 09:58:00,015 - ResourceManager : found operation/op-signature.vm with loader middlegen.KindFileResourceLoader
2017-11-10 09:58:00,017 - ResourceManager : found operation/opbody-select.vm with loader middlegen.KindFileResourceLoader
2017-11-10 09:58:00,020 - ResourceManager : found operation/op-select.vm with loader middlegen.KindFileResourceLoader
2017-11-10 09:58:00,021 - ResourceManager : found operation/op-javadoc.vm with loader middlegen.KindFileResourceLoader
2017-11-10 09:58:00,023 - ResourceManager : found operation/op-signature.vm with loader middlegen.KindFileResourceLoader
2017-11-10 09:58:00,025 - ResourceManager : found operation/opbody-select.vm with loader middlegen.KindFileResourceLoader
2017-11-10 09:58:00,028 - ResourceManager : found operation/op-select.vm with loader middlegen.KindFileResourceLoader
2017-11-10 09:58:00,029 - ResourceManager : found operation/op-javadoc.vm with loader middlegen.KindFileResourceLoader
2017-11-10 09:58:00,030 - ResourceManager : found operation/op-signature.vm with loader middlegen.KindFileResourceLoader
2017-11-10 09:58:00,031 - ResourceManager : found operation/opbody-select.vm with loader middlegen.KindFileResourceLoader
2017-11-10 09:58:00,032 - ResourceManager : found operation/op-update.vm with loader middlegen.KindFileResourceLoader
2017-11-10 09:58:00,033 - ResourceManager : found operation/op-javadoc.vm with loader middlegen.KindFileResourceLoader
2017-11-10 09:58:00,035 - ResourceManager : found operation/op-signature.vm with loader middlegen.KindFileResourceLoader
2017-11-10 09:58:00,036 - ResourceManager : found operation/opbody-update.vm with loader middlegen.KindFileResourceLoader
2017-11-10 09:58:00,037 - ResourceManager : found operation/op-update.vm with loader middlegen.KindFileResourceLoader
2017-11-10 09:58:00,038 - ResourceManager : found operation/op-javadoc.vm with loader middlegen.KindFileResourceLoader
2017-11-10 09:58:00,038 - ResourceManager : found operation/op-signature.vm with loader middlegen.KindFileResourceLoader
2017-11-10 09:58:00,039 - ResourceManager : found operation/opbody-update.vm with loader middlegen.KindFileResourceLoader
2017-11-10 09:58:00,040 - ResourceManager : found operation/op-update.vm with loader middlegen.KindFileResourceLoader
2017-11-10 09:58:00,041 - ResourceManager : found operation/op-javadoc.vm with loader middlegen.KindFileResourceLoader
2017-11-10 09:58:00,042 - ResourceManager : found operation/op-signature.vm with loader middlegen.KindFileResourceLoader
2017-11-10 09:58:00,043 - ResourceManager : found operation/opbody-update.vm with loader middlegen.KindFileResourceLoader
2017-11-10 09:58:00,045 - ResourceManager : found operation/op-update.vm with loader middlegen.KindFileResourceLoader
2017-11-10 09:58:00,045 - ResourceManager : found operation/op-javadoc.vm with loader middlegen.KindFileResourceLoader
2017-11-10 09:58:00,046 - ResourceManager : found operation/op-signature.vm with loader middlegen.KindFileResourceLoader
2017-11-10 09:58:00,047 - ResourceManager : found operation/opbody-update.vm with loader middlegen.KindFileResourceLoader
2017-11-10 09:58:00,047 - ResourceManager : found operation/op-update.vm with loader middlegen.KindFileResourceLoader
2017-11-10 09:58:00,048 - ResourceManager : found operation/op-javadoc.vm with loader middlegen.KindFileResourceLoader
2017-11-10 09:58:00,049 - ResourceManager : found operation/op-signature.vm with loader middlegen.KindFileResourceLoader
2017-11-10 09:58:00,049 - ResourceManager : found operation/opbody-update.vm with loader middlegen.KindFileResourceLoader
2017-11-10 09:58:00,050 - ResourceManager : found operation/op-select.vm with loader middlegen.KindFileResourceLoader
2017-11-10 09:58:00,050 - ResourceManager : found operation/op-javadoc.vm with loader middlegen.KindFileResourceLoader
2017-11-10 09:58:00,051 - ResourceManager : found operation/op-signature.vm with loader middlegen.KindFileResourceLoader
2017-11-10 09:58:00,052 - ResourceManager : found operation/opbody-select.vm with loader middlegen.KindFileResourceLoader
2017-11-10 09:58:00,053 - ResourceManager : found operation/op-select.vm with loader middlegen.KindFileResourceLoader
2017-11-10 09:58:00,054 - ResourceManager : found operation/op-javadoc.vm with loader middlegen.KindFileResourceLoader
2017-11-10 09:58:00,055 - ResourceManager : found operation/op-signature.vm with loader middlegen.KindFileResourceLoader
2017-11-10 09:58:00,056 - ResourceManager : found operation/opbody-select.vm with loader middlegen.KindFileResourceLoader
2017-11-10 09:58:00,056 - ResourceManager : found operation/op-select.vm with loader middlegen.KindFileResourceLoader
2017-11-10 09:58:00,057 - ResourceManager : found operation/op-javadoc.vm with loader middlegen.KindFileResourceLoader
2017-11-10 09:58:00,057 - ResourceManager : found operation/op-signature.vm with loader middlegen.KindFileResourceLoader
2017-11-10 09:58:00,059 - ResourceManager : found operation/opbody-select.vm with loader middlegen.KindFileResourceLoader
2017-11-10 09:58:00,060 - ResourceManager : found operation/op-insert.vm with loader middlegen.KindFileResourceLoader
2017-11-10 09:58:00,060 - ResourceManager : found operation/op-javadoc.vm with loader middlegen.KindFileResourceLoader
2017-11-10 09:58:00,061 - ResourceManager : found operation/op-signature.vm with loader middlegen.KindFileResourceLoader
2017-11-10 09:58:00,062 - ResourceManager : found operation/opbody-insert.vm with loader middlegen.KindFileResourceLoader
2017-11-10 09:58:00,062 - ResourceManager : found operation/op-select.vm with loader middlegen.KindFileResourceLoader
2017-11-10 09:58:00,063 - ResourceManager : found operation/op-javadoc.vm with loader middlegen.KindFileResourceLoader
2017-11-10 09:58:00,064 - ResourceManager : found operation/op-signature.vm with loader middlegen.KindFileResourceLoader
2017-11-10 09:58:00,070 - ResourceManager : found operation/opbody-select.vm with loader middlegen.KindFileResourceLoader
2017-11-10 09:58:00,071 - ResourceManager : found operation/op-select.vm with loader middlegen.KindFileResourceLoader
2017-11-10 09:58:00,071 - ResourceManager : found operation/op-javadoc.vm with loader middlegen.KindFileResourceLoader
2017-11-10 09:58:00,072 - ResourceManager : found operation/op-signature.vm with loader middlegen.KindFileResourceLoader
2017-11-10 09:58:00,073 - ResourceManager : found operation/opbody-select.vm with loader middlegen.KindFileResourceLoader
2017-11-10 09:58:00,074 - ResourceManager : found operation/op-select.vm with loader middlegen.KindFileResourceLoader
2017-11-10 09:58:00,074 - ResourceManager : found operation/op-javadoc.vm with loader middlegen.KindFileResourceLoader
2017-11-10 09:58:00,075 - ResourceManager : found operation/op-signature.vm with loader middlegen.KindFileResourceLoader
2017-11-10 09:58:00,076 - ResourceManager : found operation/opbody-select.vm with loader middlegen.KindFileResourceLoader
2017-11-10 09:58:00,077 - ResourceManager : found operation/op-select.vm with loader middlegen.KindFileResourceLoader
2017-11-10 09:58:00,078 - ResourceManager : found operation/op-javadoc.vm with loader middlegen.KindFileResourceLoader
2017-11-10 09:58:00,078 - ResourceManager : found operation/op-signature.vm with loader middlegen.KindFileResourceLoader
2017-11-10 09:58:00,079 - ResourceManager : found operation/opbody-select.vm with loader middlegen.KindFileResourceLoader
2017-11-10 09:58:00,080 - ResourceManager : found operation/op-select.vm with loader middlegen.KindFileResourceLoader
2017-11-10 09:58:00,081 - ResourceManager : found operation/op-javadoc.vm with loader middlegen.KindFileResourceLoader
2017-11-10 09:58:00,081 - ResourceManager : found operation/op-signature.vm with loader middlegen.KindFileResourceLoader
2017-11-10 09:58:00,082 - ResourceManager : found operation/opbody-select.vm with loader middlegen.KindFileResourceLoader
2017-11-10 09:58:00,083 - ResourceManager : found operation/op-select.vm with loader middlegen.KindFileResourceLoader
2017-11-10 09:58:00,084 - ResourceManager : found operation/op-javadoc.vm with loader middlegen.KindFileResourceLoader
2017-11-10 09:58:00,084 - ResourceManager : found operation/op-signature.vm with loader middlegen.KindFileResourceLoader
2017-11-10 09:58:00,085 - ResourceManager : found operation/opbody-select.vm with loader middlegen.KindFileResourceLoader
2017-11-10 09:58:00,086 - ResourceManager : found operation/op-select.vm with loader middlegen.KindFileResourceLoader
2017-11-10 09:58:00,086 - ResourceManager : found operation/op-javadoc.vm with loader middlegen.KindFileResourceLoader
2017-11-10 09:58:00,087 - ResourceManager : found operation/op-signature.vm with loader middlegen.KindFileResourceLoader
2017-11-10 09:58:00,088 - ResourceManager : found operation/opbody-select.vm with loader middlegen.KindFileResourceLoader
2017-11-10 09:58:00,088 - ResourceManager : found operation/op-update.vm with loader middlegen.KindFileResourceLoader
2017-11-10 09:58:00,089 - ResourceManager : found operation/op-javadoc.vm with loader middlegen.KindFileResourceLoader
2017-11-10 09:58:00,089 - ResourceManager : found operation/op-signature.vm with loader middlegen.KindFileResourceLoader
2017-11-10 09:58:00,090 - ResourceManager : found operation/opbody-update.vm with loader middlegen.KindFileResourceLoader
2017-11-10 09:58:00,091 - ResourceManager : found operation/op-select.vm with loader middlegen.KindFileResourceLoader
2017-11-10 09:58:00,092 - ResourceManager : found operation/op-javadoc.vm with loader middlegen.KindFileResourceLoader
2017-11-10 09:58:00,093 - ResourceManager : found operation/op-signature.vm with loader middlegen.KindFileResourceLoader
2017-11-10 09:58:00,094 - ResourceManager : found operation/opbody-select.vm with loader middlegen.KindFileResourceLoader
2017-11-10 09:58:00,096 - ResourceManager : found operation/op-update.vm with loader middlegen.KindFileResourceLoader
2017-11-10 09:58:00,096 - ResourceManager : found operation/op-javadoc.vm with loader middlegen.KindFileResourceLoader
2017-11-10 09:58:00,097 - ResourceManager : found operation/op-signature.vm with loader middlegen.KindFileResourceLoader
2017-11-10 09:58:00,098 - ResourceManager : found operation/opbody-update.vm with loader middlegen.KindFileResourceLoader
2017-11-10 09:58:00,099 - ResourceManager : found operation/op-select.vm with loader middlegen.KindFileResourceLoader
2017-11-10 09:58:00,099 - ResourceManager : found operation/op-javadoc.vm with loader middlegen.KindFileResourceLoader
2017-11-10 09:58:00,100 - ResourceManager : found operation/op-signature.vm with loader middlegen.KindFileResourceLoader
2017-11-10 09:58:00,101 - ResourceManager : found operation/opbody-select.vm with loader middlegen.KindFileResourceLoader
2017-11-10 09:58:00,102 - ResourceManager : found operation/op-select.vm with loader middlegen.KindFileResourceLoader
2017-11-10 09:58:00,102 - ResourceManager : found operation/op-javadoc.vm with loader middlegen.KindFileResourceLoader
2017-11-10 09:58:00,103 - ResourceManager : found operation/op-signature.vm with loader middlegen.KindFileResourceLoader
2017-11-10 09:58:00,103 - ResourceManager : found operation/opbody-select.vm with loader middlegen.KindFileResourceLoader
2017-11-10 09:58:00,104 - ResourceManager : found operation/op-update.vm with loader middlegen.KindFileResourceLoader
2017-11-10 09:58:00,105 - ResourceManager : found operation/op-javadoc.vm with loader middlegen.KindFileResourceLoader
2017-11-10 09:58:00,105 - ResourceManager : found operation/op-signature.vm with loader middlegen.KindFileResourceLoader
2017-11-10 09:58:00,106 - ResourceManager : found operation/opbody-update.vm with loader middlegen.KindFileResourceLoader
2017-11-10 09:58:00,107 - ResourceManager : found operation/op-select.vm with loader middlegen.KindFileResourceLoader
2017-11-10 09:58:00,107 - ResourceManager : found operation/op-javadoc.vm with loader middlegen.KindFileResourceLoader
2017-11-10 09:58:00,108 - ResourceManager : found operation/op-signature.vm with loader middlegen.KindFileResourceLoader
2017-11-10 09:58:00,109 - ResourceManager : found operation/opbody-select.vm with loader middlegen.KindFileResourceLoader
2017-11-10 09:58:00,110 - ResourceManager : found operation/op-select.vm with loader middlegen.KindFileResourceLoader
2017-11-10 09:58:00,110 - ResourceManager : found operation/op-javadoc.vm with loader middlegen.KindFileResourceLoader
2017-11-10 09:58:00,111 - ResourceManager : found operation/op-signature.vm with loader middlegen.KindFileResourceLoader
2017-11-10 09:58:00,112 - ResourceManager : found operation/opbody-select.vm with loader middlegen.KindFileResourceLoader
2017-11-10 09:58:00,113 - ResourceManager : found operation/op-select.vm with loader middlegen.KindFileResourceLoader
2017-11-10 09:58:00,113 - ResourceManager : found operation/op-javadoc.vm with loader middlegen.KindFileResourceLoader
2017-11-10 09:58:00,114 - ResourceManager : found operation/op-signature.vm with loader middlegen.KindFileResourceLoader
2017-11-10 09:58:00,115 - ResourceManager : found operation/opbody-select.vm with loader middlegen.KindFileResourceLoader
2017-11-10 09:58:00,116 - ResourceManager : found operation/op-select.vm with loader middlegen.KindFileResourceLoader
2017-11-10 09:58:00,116 - ResourceManager : found operation/op-javadoc.vm with loader middlegen.KindFileResourceLoader
2017-11-10 09:58:00,117 - ResourceManager : found operation/op-signature.vm with loader middlegen.KindFileResourceLoader
2017-11-10 09:58:00,118 - ResourceManager : found operation/opbody-select.vm with loader middlegen.KindFileResourceLoader
2017-11-10 09:58:00,119 - ResourceManager : found operation/op-select.vm with loader middlegen.KindFileResourceLoader
2017-11-10 09:58:00,120 - ResourceManager : found operation/op-javadoc.vm with loader middlegen.KindFileResourceLoader
2017-11-10 09:58:00,120 - ResourceManager : found operation/op-signature.vm with loader middlegen.KindFileResourceLoader
2017-11-10 09:58:00,121 - ResourceManager : found operation/opbody-select.vm with loader middlegen.KindFileResourceLoader
2017-11-10 09:58:00,122 - ResourceManager : found operation/op-select.vm with loader middlegen.KindFileResourceLoader
2017-11-10 09:58:00,123 - ResourceManager : found operation/op-javadoc.vm with loader middlegen.KindFileResourceLoader
2017-11-10 09:58:00,123 - ResourceManager : found operation/op-signature.vm with loader middlegen.KindFileResourceLoader
2017-11-10 09:58:00,124 - ResourceManager : found operation/opbody-select.vm with loader middlegen.KindFileResourceLoader
2017-11-10 09:58:00,125 - ResourceManager : found operation/op-update.vm with loader middlegen.KindFileResourceLoader
2017-11-10 09:58:00,126 - ResourceManager : found operation/op-javadoc.vm with loader middlegen.KindFileResourceLoader
2017-11-10 09:58:00,127 - ResourceManager : found operation/op-signature.vm with loader middlegen.KindFileResourceLoader
2017-11-10 09:58:00,128 - ResourceManager : found operation/opbody-update.vm with loader middlegen.KindFileResourceLoader
2017-11-10 09:58:00,128 - ResourceManager : found operation/op-select.vm with loader middlegen.KindFileResourceLoader
2017-11-10 09:58:00,129 - ResourceManager : found operation/op-javadoc.vm with loader middlegen.KindFileResourceLoader
2017-11-10 09:58:00,130 - ResourceManager : found operation/op-signature.vm with loader middlegen.KindFileResourceLoader
2017-11-10 09:58:00,130 - ResourceManager : found operation/opbody-select.vm with loader middlegen.KindFileResourceLoader
2017-11-10 09:58:00,131 - ResourceManager : found operation/op-update.vm with loader middlegen.KindFileResourceLoader
2017-11-10 09:58:00,132 - ResourceManager : found operation/op-javadoc.vm with loader middlegen.KindFileResourceLoader
2017-11-10 09:58:00,132 - ResourceManager : found operation/op-signature.vm with loader middlegen.KindFileResourceLoader
2017-11-10 09:58:00,133 - ResourceManager : found operation/opbody-update.vm with loader middlegen.KindFileResourceLoader
2017-11-10 09:58:00,138 - ResourceManager : found copyright.vm with loader middlegen.KindFileResourceLoader
2017-11-10 09:58:00,138 - ResourceManager : found description-java.vm with loader middlegen.KindFileResourceLoader
2017-11-10 09:58:00,138 - Null reference [template 'middlegen', line 23, column 13] : $Id cannot be resolved.
2017-11-10 09:58:00,139 - ResourceManager : found operation/op-select.vm with loader middlegen.KindFileResourceLoader
2017-11-10 09:58:00,139 - ResourceManager : found operation/op-javadoc.vm with loader middlegen.KindFileResourceLoader
2017-11-10 09:58:00,140 - ResourceManager : found operation/op-signature.vm with loader middlegen.KindFileResourceLoader
2017-11-10 09:58:00,141 - ResourceManager : found operation/opbody-select.vm with loader middlegen.KindFileResourceLoader
2017-11-10 09:58:00,146 - ResourceManager : found copyright.vm with loader middlegen.KindFileResourceLoader
2017-11-10 09:58:00,147 - ResourceManager : found description-java.vm with loader middlegen.KindFileResourceLoader
2017-11-10 09:58:00,147 - Null reference [template 'middlegen', line 23, column 13] : $Id cannot be resolved.
2017-11-10 09:58:00,147 - ResourceManager : found operation/op-select.vm with loader middlegen.KindFileResourceLoader
2017-11-10 09:58:00,148 - ResourceManager : found operation/op-javadoc.vm with loader middlegen.KindFileResourceLoader
2017-11-10 09:58:00,149 - ResourceManager : found operation/op-signature.vm with loader middlegen.KindFileResourceLoader
2017-11-10 09:58:00,149 - ResourceManager : found operation/opbody-select.vm with loader middlegen.KindFileResourceLoader
2017-11-10 09:58:00,150 - ResourceManager : found operation/op-select.vm with loader middlegen.KindFileResourceLoader
2017-11-10 09:58:00,150 - ResourceManager : found operation/op-javadoc.vm with loader middlegen.KindFileResourceLoader
2017-11-10 09:58:00,151 - ResourceManager : found operation/op-signature.vm with loader middlegen.KindFileResourceLoader
2017-11-10 09:58:00,152 - ResourceManager : found operation/opbody-select.vm with loader middlegen.KindFileResourceLoader
2017-11-10 09:58:00,153 - ResourceManager : found operation/op-update.vm with loader middlegen.KindFileResourceLoader
2017-11-10 09:58:00,153 - ResourceManager : found operation/op-javadoc.vm with loader middlegen.KindFileResourceLoader
2017-11-10 09:58:00,154 - ResourceManager : found operation/op-signature.vm with loader middlegen.KindFileResourceLoader
2017-11-10 09:58:00,154 - ResourceManager : found operation/opbody-update.vm with loader middlegen.KindFileResourceLoader
2017-11-10 09:58:00,155 - ResourceManager : found operation/op-update.vm with loader middlegen.KindFileResourceLoader
2017-11-10 09:58:00,155 - ResourceManager : found operation/op-javadoc.vm with loader middlegen.KindFileResourceLoader
2017-11-10 09:58:00,156 - ResourceManager : found operation/op-signature.vm with loader middlegen.KindFileResourceLoader
2017-11-10 09:58:00,157 - ResourceManager : found operation/opbody-update.vm with loader middlegen.KindFileResourceLoader
2017-11-10 09:58:00,157 - ResourceManager : found operation/op-insert.vm with loader middlegen.KindFileResourceLoader
2017-11-10 09:58:00,158 - ResourceManager : found operation/op-javadoc.vm with loader middlegen.KindFileResourceLoader
2017-11-10 09:58:00,158 - ResourceManager : found operation/op-signature.vm with loader middlegen.KindFileResourceLoader
2017-11-10 09:58:00,159 - ResourceManager : found operation/opbody-insert.vm with loader middlegen.KindFileResourceLoader
2017-11-10 09:58:00,159 - ResourceManager : found operation/op-select.vm with loader middlegen.KindFileResourceLoader
2017-11-10 09:58:00,160 - ResourceManager : found operation/op-javadoc.vm with loader middlegen.KindFileResourceLoader
2017-11-10 09:58:00,160 - ResourceManager : found operation/op-signature.vm with loader middlegen.KindFileResourceLoader
2017-11-10 09:58:00,161 - ResourceManager : found operation/opbody-select.vm with loader middlegen.KindFileResourceLoader
2017-11-10 09:58:00,162 - ResourceManager : found operation/op-update.vm with loader middlegen.KindFileResourceLoader
2017-11-10 09:58:00,162 - ResourceManager : found operation/op-javadoc.vm with loader middlegen.KindFileResourceLoader
2017-11-10 09:58:00,163 - ResourceManager : found operation/op-signature.vm with loader middlegen.KindFileResourceLoader
2017-11-10 09:58:00,164 - ResourceManager : found operation/opbody-update.vm with loader middlegen.KindFileResourceLoader
2017-11-10 09:58:00,165 - ResourceManager : found operation/op-select.vm with loader middlegen.KindFileResourceLoader
2017-11-10 09:58:00,166 - ResourceManager : found operation/op-javadoc.vm with loader middlegen.KindFileResourceLoader
2017-11-10 09:58:00,167 - ResourceManager : found operation/op-signature.vm with loader middlegen.KindFileResourceLoader
2017-11-10 09:58:00,168 - ResourceManager : found operation/opbody-select.vm with loader middlegen.KindFileResourceLoader
2017-11-10 09:58:00,169 - ResourceManager : found operation/op-select.vm with loader middlegen.KindFileResourceLoader
2017-11-10 09:58:00,170 - ResourceManager : found operation/op-javadoc.vm with loader middlegen.KindFileResourceLoader
2017-11-10 09:58:00,170 - ResourceManager : found operation/op-signature.vm with loader middlegen.KindFileResourceLoader
2017-11-10 09:58:00,172 - ResourceManager : found operation/opbody-select.vm with loader middlegen.KindFileResourceLoader
2017-11-10 09:58:00,173 - ResourceManager : found operation/op-update.vm with loader middlegen.KindFileResourceLoader
2017-11-10 09:58:00,173 - ResourceManager : found operation/op-javadoc.vm with loader middlegen.KindFileResourceLoader
2017-11-10 09:58:00,174 - ResourceManager : found operation/op-signature.vm with loader middlegen.KindFileResourceLoader
2017-11-10 09:58:00,175 - ResourceManager : found operation/opbody-update.vm with loader middlegen.KindFileResourceLoader
2017-11-10 09:58:00,176 - ResourceManager : found operation/op-update.vm with loader middlegen.KindFileResourceLoader
2017-11-10 09:58:00,178 - ResourceManager : found operation/op-javadoc.vm with loader middlegen.KindFileResourceLoader
2017-11-10 09:58:00,179 - ResourceManager : found operation/op-signature.vm with loader middlegen.KindFileResourceLoader
2017-11-10 09:58:00,180 - ResourceManager : found operation/opbody-update.vm with loader middlegen.KindFileResourceLoader
2017-11-10 09:58:00,180 - ResourceManager : found operation/op-update.vm with loader middlegen.KindFileResourceLoader
2017-11-10 09:58:00,181 - ResourceManager : found operation/op-javadoc.vm with loader middlegen.KindFileResourceLoader
2017-11-10 09:58:00,181 - ResourceManager : found operation/op-signature.vm with loader middlegen.KindFileResourceLoader
2017-11-10 09:58:00,182 - ResourceManager : found operation/opbody-update.vm with loader middlegen.KindFileResourceLoader
2017-11-10 09:58:00,183 - ResourceManager : found operation/op-update.vm with loader middlegen.KindFileResourceLoader
2017-11-10 09:58:00,183 - ResourceManager : found operation/op-javadoc.vm with loader middlegen.KindFileResourceLoader
2017-11-10 09:58:00,184 - ResourceManager : found operation/op-signature.vm with loader middlegen.KindFileResourceLoader
2017-11-10 09:58:00,185 - ResourceManager : found operation/opbody-update.vm with loader middlegen.KindFileResourceLoader
2017-11-10 09:58:00,185 - ResourceManager : found operation/op-update.vm with loader middlegen.KindFileResourceLoader
2017-11-10 09:58:00,186 - ResourceManager : found operation/op-javadoc.vm with loader middlegen.KindFileResourceLoader
2017-11-10 09:58:00,187 - ResourceManager : found operation/op-signature.vm with loader middlegen.KindFileResourceLoader
2017-11-10 09:58:00,188 - ResourceManager : found operation/opbody-update.vm with loader middlegen.KindFileResourceLoader
2017-11-10 09:58:00,189 - ResourceManager : found operation/op-update.vm with loader middlegen.KindFileResourceLoader
2017-11-10 09:58:00,190 - ResourceManager : found operation/op-javadoc.vm with loader middlegen.KindFileResourceLoader
2017-11-10 09:58:00,191 - ResourceManager : found operation/op-signature.vm with loader middlegen.KindFileResourceLoader
2017-11-10 09:58:00,192 - ResourceManager : found operation/opbody-update.vm with loader middlegen.KindFileResourceLoader
2017-11-10 09:58:00,193 - ResourceManager : found operation/op-update.vm with loader middlegen.KindFileResourceLoader
2017-11-10 09:58:00,194 - ResourceManager : found operation/op-javadoc.vm with loader middlegen.KindFileResourceLoader
2017-11-10 09:58:00,195 - ResourceManager : found operation/op-signature.vm with loader middlegen.KindFileResourceLoader
2017-11-10 09:58:00,196 - ResourceManager : found operation/opbody-update.vm with loader middlegen.KindFileResourceLoader
2017-11-10 09:58:00,197 - ResourceManager : found operation/op-update.vm with loader middlegen.KindFileResourceLoader
2017-11-10 09:58:00,197 - ResourceManager : found operation/op-javadoc.vm with loader middlegen.KindFileResourceLoader
2017-11-10 09:58:00,198 - ResourceManager : found operation/op-signature.vm with loader middlegen.KindFileResourceLoader
2017-11-10 09:58:00,199 - ResourceManager : found operation/opbody-update.vm with loader middlegen.KindFileResourceLoader
2017-11-10 09:58:00,199 - ResourceManager : found operation/op-update.vm with loader middlegen.KindFileResourceLoader
2017-11-10 09:58:00,200 - ResourceManager : found operation/op-javadoc.vm with loader middlegen.KindFileResourceLoader
2017-11-10 09:58:00,201 - ResourceManager : found operation/op-signature.vm with loader middlegen.KindFileResourceLoader
2017-11-10 09:58:00,201 - ResourceManager : found operation/opbody-update.vm with loader middlegen.KindFileResourceLoader
2017-11-10 09:58:00,202 - ResourceManager : found operation/op-update.vm with loader middlegen.KindFileResourceLoader
2017-11-10 09:58:00,203 - ResourceManager : found operation/op-javadoc.vm with loader middlegen.KindFileResourceLoader
2017-11-10 09:58:00,204 - ResourceManager : found operation/op-signature.vm with loader middlegen.KindFileResourceLoader
2017-11-10 09:58:00,206 - ResourceManager : found operation/opbody-update.vm with loader middlegen.KindFileResourceLoader
2017-11-10 09:58:00,207 - ResourceManager : found operation/op-update.vm with loader middlegen.KindFileResourceLoader
2017-11-10 09:58:00,208 - ResourceManager : found operation/op-javadoc.vm with loader middlegen.KindFileResourceLoader
2017-11-10 09:58:00,209 - ResourceManager : found operation/op-signature.vm with loader middlegen.KindFileResourceLoader
2017-11-10 09:58:00,210 - ResourceManager : found operation/opbody-update.vm with loader middlegen.KindFileResourceLoader
2017-11-10 09:58:00,211 - ResourceManager : found operation/op-select.vm with loader middlegen.KindFileResourceLoader
2017-11-10 09:58:00,212 - ResourceManager : found operation/op-javadoc.vm with loader middlegen.KindFileResourceLoader
2017-11-10 09:58:00,213 - ResourceManager : found operation/op-signature.vm with loader middlegen.KindFileResourceLoader
2017-11-10 09:58:00,214 - ResourceManager : found operation/opbody-select.vm with loader middlegen.KindFileResourceLoader
2017-11-10 09:58:00,215 - ResourceManager : found operation/op-update.vm with loader middlegen.KindFileResourceLoader
2017-11-10 09:58:00,216 - ResourceManager : found operation/op-javadoc.vm with loader middlegen.KindFileResourceLoader
2017-11-10 09:58:00,217 - ResourceManager : found operation/op-signature.vm with loader middlegen.KindFileResourceLoader
2017-11-10 09:58:00,217 - ResourceManager : found operation/opbody-update.vm with loader middlegen.KindFileResourceLoader
2017-11-10 09:58:00,218 - ResourceManager : found operation/op-update.vm with loader middlegen.KindFileResourceLoader
2017-11-10 09:58:00,219 - ResourceManager : found operation/op-javadoc.vm with loader middlegen.KindFileResourceLoader
2017-11-10 09:58:00,220 - ResourceManager : found operation/op-signature.vm with loader middlegen.KindFileResourceLoader
2017-11-10 09:58:00,221 - ResourceManager : found operation/opbody-update.vm with loader middlegen.KindFileResourceLoader
2017-11-10 09:58:00,222 - ResourceManager : found operation/op-update.vm with loader middlegen.KindFileResourceLoader
2017-11-10 09:58:00,223 - ResourceManager : found operation/op-javadoc.vm with loader middlegen.KindFileResourceLoader
2017-11-10 09:58:00,223 - ResourceManager : found operation/op-signature.vm with loader middlegen.KindFileResourceLoader
2017-11-10 09:58:00,224 - ResourceManager : found operation/opbody-update.vm with loader middlegen.KindFileResourceLoader
2017-11-10 09:58:00,230 - ResourceManager : found copyright.vm with loader middlegen.KindFileResourceLoader
2017-11-10 09:58:00,231 - ResourceManager : found description-java.vm with loader middlegen.KindFileResourceLoader
2017-11-10 09:58:00,231 - Null reference [template 'middlegen', line 23, column 13] : $Id cannot be resolved.
2017-11-10 09:58:00,232 - ResourceManager : found operation/op-select.vm with loader middlegen.KindFileResourceLoader
2017-11-10 09:58:00,232 - ResourceManager : found operation/op-javadoc.vm with loader middlegen.KindFileResourceLoader
2017-11-10 09:58:00,233 - ResourceManager : found operation/op-signature.vm with loader middlegen.KindFileResourceLoader
2017-11-10 09:58:00,234 - ResourceManager : found operation/opbody-select.vm with loader middlegen.KindFileResourceLoader
2017-11-10 09:58:00,235 - ResourceManager : found operation/op-insert.vm with loader middlegen.KindFileResourceLoader
2017-11-10 09:58:00,236 - ResourceManager : found operation/op-javadoc.vm with loader middlegen.KindFileResourceLoader
2017-11-10 09:58:00,237 - ResourceManager : found operation/op-signature.vm with loader middlegen.KindFileResourceLoader
2017-11-10 09:58:00,238 - ResourceManager : found operation/opbody-insert.vm with loader middlegen.KindFileResourceLoader
2017-11-10 09:58:00,239 - ResourceManager : found operation/op-update.vm with loader middlegen.KindFileResourceLoader
2017-11-10 09:58:00,239 - ResourceManager : found operation/op-javadoc.vm with loader middlegen.KindFileResourceLoader
2017-11-10 09:58:00,240 - ResourceManager : found operation/op-signature.vm with loader middlegen.KindFileResourceLoader
2017-11-10 09:58:00,242 - ResourceManager : found operation/opbody-update.vm with loader middlegen.KindFileResourceLoader
2017-11-10 09:58:00,243 - ResourceManager : found operation/op-select.vm with loader middlegen.KindFileResourceLoader
2017-11-10 09:58:00,243 - ResourceManager : found operation/op-javadoc.vm with loader middlegen.KindFileResourceLoader
2017-11-10 09:58:00,244 - ResourceManager : found operation/op-signature.vm with loader middlegen.KindFileResourceLoader
2017-11-10 09:58:00,245 - ResourceManager : found operation/opbody-select.vm with loader middlegen.KindFileResourceLoader
2017-11-10 09:58:00,249 - ResourceManager : found operation/op-select.vm with loader middlegen.KindFileResourceLoader
2017-11-10 09:58:00,252 - ResourceManager : found operation/op-javadoc.vm with loader middlegen.KindFileResourceLoader
2017-11-10 09:58:00,253 - ResourceManager : found operation/op-signature.vm with loader middlegen.KindFileResourceLoader
2017-11-10 09:58:00,255 - ResourceManager : found operation/opbody-select.vm with loader middlegen.KindFileResourceLoader
2017-11-10 09:58:00,257 - ResourceManager : found operation/op-update.vm with loader middlegen.KindFileResourceLoader
2017-11-10 09:58:00,258 - ResourceManager : found operation/op-javadoc.vm with loader middlegen.KindFileResourceLoader
2017-11-10 09:58:00,259 - ResourceManager : found operation/op-signature.vm with loader middlegen.KindFileResourceLoader
2017-11-10 09:58:00,260 - ResourceManager : found operation/opbody-update.vm with loader middlegen.KindFileResourceLoader
2017-11-10 09:58:00,266 - ResourceManager : found copyright.vm with loader middlegen.KindFileResourceLoader
2017-11-10 09:58:00,267 - ResourceManager : found description-java.vm with loader middlegen.KindFileResourceLoader
2017-11-10 09:58:00,267 - Null reference [template 'middlegen', line 23, column 13] : $Id cannot be resolved.
2017-11-10 09:58:00,268 - ResourceManager : found operation/op-select.vm with loader middlegen.KindFileResourceLoader
2017-11-10 09:58:00,268 - ResourceManager : found operation/op-javadoc.vm with loader middlegen.KindFileResourceLoader
2017-11-10 09:58:00,269 - ResourceManager : found operation/op-signature.vm with loader middlegen.KindFileResourceLoader
2017-11-10 09:58:00,270 - ResourceManager : found operation/opbody-select.vm with loader middlegen.KindFileResourceLoader
2017-11-10 09:58:00,275 - ResourceManager : found copyright.vm with loader middlegen.KindFileResourceLoader
2017-11-10 09:58:00,276 - ResourceManager : found description-java.vm with loader middlegen.KindFileResourceLoader
2017-11-10 09:58:00,277 - Null reference [template 'middlegen', line 23, column 13] : $Id cannot be resolved.
2017-11-10 09:58:00,277 - ResourceManager : found operation/op-select.vm with loader middlegen.KindFileResourceLoader
2017-11-10 09:58:00,278 - ResourceManager : found operation/op-javadoc.vm with loader middlegen.KindFileResourceLoader
2017-11-10 09:58:00,278 - ResourceManager : found operation/op-signature.vm with loader middlegen.KindFileResourceLoader
2017-11-10 09:58:00,280 - ResourceManager : found operation/opbody-select.vm with loader middlegen.KindFileResourceLoader
2017-11-10 09:58:00,281 - ResourceManager : found operation/op-select.vm with loader middlegen.KindFileResourceLoader
2017-11-10 09:58:00,281 - ResourceManager : found operation/op-javadoc.vm with loader middlegen.KindFileResourceLoader
2017-11-10 09:58:00,282 - ResourceManager : found operation/op-signature.vm with loader middlegen.KindFileResourceLoader
2017-11-10 09:58:00,283 - ResourceManager : found operation/opbody-select.vm with loader middlegen.KindFileResourceLoader
2017-11-10 09:58:00,284 - ResourceManager : found operation/op-update.vm with loader middlegen.KindFileResourceLoader
2017-11-10 09:58:00,285 - ResourceManager : found operation/op-javadoc.vm with loader middlegen.KindFileResourceLoader
2017-11-10 09:58:00,286 - ResourceManager : found operation/op-signature.vm with loader middlegen.KindFileResourceLoader
2017-11-10 09:58:00,288 - ResourceManager : found operation/opbody-update.vm with loader middlegen.KindFileResourceLoader
2017-11-10 09:58:00,288 - ResourceManager : found operation/op-update.vm with loader middlegen.KindFileResourceLoader
2017-11-10 09:58:00,289 - ResourceManager : found operation/op-javadoc.vm with loader middlegen.KindFileResourceLoader
2017-11-10 09:58:00,290 - ResourceManager : found operation/op-signature.vm with loader middlegen.KindFileResourceLoader
2017-11-10 09:58:00,291 - ResourceManager : found operation/opbody-update.vm with loader middlegen.KindFileResourceLoader
2017-11-10 09:58:00,291 - ResourceManager : found operation/op-update.vm with loader middlegen.KindFileResourceLoader
2017-11-10 09:58:00,292 - ResourceManager : found operation/op-javadoc.vm with loader middlegen.KindFileResourceLoader
2017-11-10 09:58:00,293 - ResourceManager : found operation/op-signature.vm with loader middlegen.KindFileResourceLoader
2017-11-10 09:58:00,293 - ResourceManager : found operation/opbody-update.vm with loader middlegen.KindFileResourceLoader
2017-11-10 09:58:00,294 - ResourceManager : found operation/op-update.vm with loader middlegen.KindFileResourceLoader
2017-11-10 09:58:00,294 - ResourceManager : found operation/op-javadoc.vm with loader middlegen.KindFileResourceLoader
2017-11-10 09:58:00,295 - ResourceManager : found operation/op-signature.vm with loader middlegen.KindFileResourceLoader
2017-11-10 09:58:00,296 - ResourceManager : found operation/opbody-update.vm with loader middlegen.KindFileResourceLoader
2017-11-10 09:58:00,298 - ResourceManager : found operation/op-update.vm with loader middlegen.KindFileResourceLoader
2017-11-10 09:58:00,299 - ResourceManager : found operation/op-javadoc.vm with loader middlegen.KindFileResourceLoader
2017-11-10 09:58:00,300 - ResourceManager : found operation/op-signature.vm with loader middlegen.KindFileResourceLoader
2017-11-10 09:58:00,301 - ResourceManager : found operation/opbody-update.vm with loader middlegen.KindFileResourceLoader
2017-11-10 09:58:00,302 - ResourceManager : found operation/op-select.vm with loader middlegen.KindFileResourceLoader
2017-11-10 09:58:00,303 - ResourceManager : found operation/op-javadoc.vm with loader middlegen.KindFileResourceLoader
2017-11-10 09:58:00,304 - ResourceManager : found operation/op-signature.vm with loader middlegen.KindFileResourceLoader
2017-11-10 09:58:00,305 - ResourceManager : found operation/opbody-select.vm with loader middlegen.KindFileResourceLoader
2017-11-10 09:58:00,306 - ResourceManager : found operation/op-select.vm with loader middlegen.KindFileResourceLoader
2017-11-10 09:58:00,306 - ResourceManager : found operation/op-javadoc.vm with loader middlegen.KindFileResourceLoader
2017-11-10 09:58:00,307 - ResourceManager : found operation/op-signature.vm with loader middlegen.KindFileResourceLoader
2017-11-10 09:58:00,308 - ResourceManager : found operation/opbody-select.vm with loader middlegen.KindFileResourceLoader
2017-11-10 09:58:00,310 - ResourceManager : found operation/op-insert.vm with loader middlegen.KindFileResourceLoader
2017-11-10 09:58:00,310 - ResourceManager : found operation/op-javadoc.vm with loader middlegen.KindFileResourceLoader
2017-11-10 09:58:00,311 - ResourceManager : found operation/op-signature.vm with loader middlegen.KindFileResourceLoader
2017-11-10 09:58:00,312 - ResourceManager : found operation/opbody-insert.vm with loader middlegen.KindFileResourceLoader
2017-11-10 09:58:00,313 - ResourceManager : found operation/op-update.vm with loader middlegen.KindFileResourceLoader
2017-11-10 09:58:00,314 - ResourceManager : found operation/op-javadoc.vm with loader middlegen.KindFileResourceLoader
2017-11-10 09:58:00,315 - ResourceManager : found operation/op-signature.vm with loader middlegen.KindFileResourceLoader
2017-11-10 09:58:00,316 - ResourceManager : found operation/opbody-update.vm with loader middlegen.KindFileResourceLoader
2017-11-10 09:58:00,316 - ResourceManager : found operation/op-update.vm with loader middlegen.KindFileResourceLoader
2017-11-10 09:58:00,317 - ResourceManager : found operation/op-javadoc.vm with loader middlegen.KindFileResourceLoader
2017-11-10 09:58:00,318 - ResourceManager : found operation/op-signature.vm with loader middlegen.KindFileResourceLoader
2017-11-10 09:58:00,319 - ResourceManager : found operation/opbody-update.vm with loader middlegen.KindFileResourceLoader
